        -:    0:Source:testme.c
        -:    0:Graph:testme.gcno
        -:    0:Data:testme.gcda
        -:    0:Runs:1
        -:    0:Programs:1
        -:    1:#include<stdio.h>
        -:    2:#include<string.h>
        -:    3:#include<stdlib.h>
        -:    4:#include<time.h>
        -:    5:
   236514:    6:char inputChar()
        -:    7:{
        -:    8:    // TODO: rewrite this function
        -:    9:
        -:   10:  /* used ascii table to include each character that is needed
        -:   11:  126 - 32 = 95 so rand()%95 goes from 0 to 94 and we need to start at 32 
        -:   12:  which is the space and end at 126 which is the tilde */
   236514:   13:    int random = rand() % 94 + 32;
        -:   14:
        -:   15:    /* needed to cast an int to a char
        -:   16:    https://stackoverflow.com/questions/5008394/c-casting-int-to-char-and-append-char-to-char */
   236514:   17:    char input = (char) random;
   236514:   18:    return input;
        -:   19:}
        -:   20:
   236514:   21:char *inputString()
        -:   22:{
        -:   23:    // TODO: rewrite this function
        -:   24:
   236514:   25:  char *s = malloc(6 * sizeof(char));
        -:   26:  int i;
        -:   27:
  1419084:   28:  for(i = 0; i < 5; i++) {
  1182570:   29:    int random = rand () % 16 + 101;
  1182570:   30:    char input = (char) random;
  1182570:   31:    s[i] = input;
        -:   32:  }
        -:   33:
   236514:   34:  s[5] = '\0';
   236514:   35:  return s;
        -:   36:
        -:   37:}
        -:   38:
        1:   39:void testme()
        -:   40:{
        1:   41:  int tcCount = 0;
        -:   42:  char *s;
        -:   43:  char c;
        1:   44:  int state = 0;
        -:   45:  while (1)
        -:   46:  {
   473027:   47:    tcCount++;
   236514:   48:    c = inputChar();
   236514:   49:    s = inputString();
   236514:   50:    printf("Iteration %d: c = %c, s = %s, state = %d\n", tcCount, c, s, state);
        -:   51:
   236514:   52:    if (c == '[' && state == 0) state = 1;
   236514:   53:    if (c == '(' && state == 1) state = 2;
   236514:   54:    if (c == '{' && state == 2) state = 3;
   236514:   55:    if (c == ' '&& state == 3) state = 4;
   236514:   56:    if (c == 'a' && state == 4) state = 5;
   236514:   57:    if (c == 'x' && state == 5) state = 6;
   236514:   58:    if (c == '}' && state == 6) state = 7;
   236514:   59:    if (c == ')' && state == 7) state = 8;
   236514:   60:    if (c == ']' && state == 8) state = 9;
   236514:   61:    if (s[0] == 'r' && s[1] == 'e'
      908:   62:       && s[2] == 's' && s[3] == 'e'
        7:   63:       && s[4] == 't' && s[5] == '\0'
        1:   64:       && state == 9)
        -:   65:    {
        1:   66:      printf("error ");
        1:   67:      exit(200);
        -:   68:    }
        -:   69:  }
        -:   70:}
        -:   71:
        -:   72:
        1:   73:int main(int argc, char *argv[])
        -:   74:{
        1:   75:    srand(time(NULL));
        1:   76:    testme();
    #####:   77:    return 0;
        -:   78:}
